<?xml version="1.0" encoding="UTF-8"?>
<testsuite name="RunnerTest" tests="3" skipped="0" failures="1" errors="0" timestamp="2019-09-18T01:04:34" hostname="MacBook-Pro-Kate.local" time="13.29">
  <properties/>
  <testcase name="testTopNumbersCounterByPriorityQueue" classname="RunnerTest" time="0.008"/>
  <testcase name="testTopNumbersCounterBySortedStream" classname="RunnerTest" time="0.005"/>
  <testcase name="testTopNumbersCounterByHeap" classname="RunnerTest" time="13.275">
    <failure message="java.lang.OutOfMemoryError: Java heap space" type="java.lang.OutOfMemoryError">java.lang.OutOfMemoryError: Java heap space
	at java.util.Arrays.copyOf(Arrays.java:3181)
	at java.util.ArrayList.grow(ArrayList.java:265)
	at java.util.ArrayList.ensureExplicitCapacity(ArrayList.java:239)
	at java.util.ArrayList.ensureCapacityInternal(ArrayList.java:231)
	at java.util.ArrayList.add(ArrayList.java:462)
	at java.util.stream.SortedOps$RefSortingSink.accept(SortedOps.java:404)
	at java.util.stream.SliceOps$1$1.accept(SliceOps.java:204)
	at java.util.Spliterators$IteratorSpliterator.tryAdvance(Spliterators.java:1812)
	at java.util.stream.ReferencePipeline.forEachWithCancel(ReferencePipeline.java:126)
	at java.util.stream.AbstractPipeline.copyIntoWithCancel(AbstractPipeline.java:498)
	at java.util.stream.AbstractPipeline.copyInto(AbstractPipeline.java:485)
	at java.util.stream.AbstractPipeline.wrapAndCopyInto(AbstractPipeline.java:471)
	at java.util.stream.ReduceOps$ReduceOp.evaluateSequential(ReduceOps.java:708)
	at java.util.stream.AbstractPipeline.evaluate(AbstractPipeline.java:234)
	at java.util.stream.ReferencePipeline.collect(ReferencePipeline.java:499)
	at com.rednavis.topNumbers.Runner.getTopNBySortedStream(Runner.java:107)
	at RunnerTest.testTopNumbersCounterByHeap(RunnerTest.java:53)
	at sun.reflect.NativeMethodAccessorImpl.invoke0(Native Method)
	at sun.reflect.NativeMethodAccessorImpl.invoke(NativeMethodAccessorImpl.java:62)
	at sun.reflect.DelegatingMethodAccessorImpl.invoke(DelegatingMethodAccessorImpl.java:43)
	at java.lang.reflect.Method.invoke(Method.java:498)
	at org.junit.runners.model.FrameworkMethod$1.runReflectiveCall(FrameworkMethod.java:50)
	at org.junit.internal.runners.model.ReflectiveCallable.run(ReflectiveCallable.java:12)
	at org.junit.runners.model.FrameworkMethod.invokeExplosively(FrameworkMethod.java:47)
	at org.junit.internal.runners.statements.InvokeMethod.evaluate(InvokeMethod.java:17)
	at org.junit.runners.ParentRunner.runLeaf(ParentRunner.java:325)
	at org.junit.runners.BlockJUnit4ClassRunner.runChild(BlockJUnit4ClassRunner.java:78)
	at org.junit.runners.BlockJUnit4ClassRunner.runChild(BlockJUnit4ClassRunner.java:57)
	at org.junit.runners.ParentRunner$3.run(ParentRunner.java:290)
	at org.junit.runners.ParentRunner$1.schedule(ParentRunner.java:71)
	at org.junit.runners.ParentRunner.runChildren(ParentRunner.java:288)
	at org.junit.runners.ParentRunner.access$000(ParentRunner.java:58)
</failure>
  </testcase>
  <system-out><![CDATA[]]></system-out>
  <system-err><![CDATA[]]></system-err>
</testsuite>
